<?xml version="1.0" encoding="UTF-8"?>
<!-- Generated by org.testng.reporters.JUnitXMLReporter -->
<testsuite ignored="0" hostname="SYAA-DT-070" failures="1" tests="2" name="Test" time="0.072" errors="0" timestamp="2026-05-08T16:36:39 IST">
  <testcase classname="Base.Baseclass" name="@BeforeMethod setuploginpase" time="-1.778238399725E9">
    <failure type="org.testng.TestNGException" message="
Parameter &amp;apos;browser&amp;apos; is required by BeforeMethod on method setuploginpase but has not been marked @Optional or defined
in C:\Users\Admin\eclipse-workspace\sml\testng.xml">
      <![CDATA[org.testng.TestNGException: 
Parameter 'browser' is required by BeforeMethod on method setuploginpase but has not been marked @Optional or defined
in C:\Users\Admin\eclipse-workspace\sml\testng.xml
at java.base/java.util.ArrayList.forEach(ArrayList.java:1511)
... Removed 32 stack frames]]>
    </failure>
  </testcase> <!-- @BeforeMethod setuploginpase -->
  <testcase classname="Base.Baseclass" name="@AfterMethod tearDown" time="0.0">
    <skipped/>
  </testcase> <!-- @AfterMethod tearDown -->
  <testcase classname="smltestcases.LoginTest" name="loginTest" time="0.0">
    <skipped/>
  </testcase> <!-- loginTest -->
  <testcase classname="smltestcases.ReportTest" name="report" time="0.0">
    <failure type="org.testng.TestNGException" message="
Cannot inject @Test annotated Method [report] with [class java.lang.String, class java.lang.String].
For more information on native dependency injection please refer to https://testng.org/#_dependency_injection">
      <![CDATA[org.testng.TestNGException: 
Cannot inject @Test annotated Method [report] with [class java.lang.String, class java.lang.String].
For more information on native dependency injection please refer to https://testng.org/#_dependency_injection
at java.base/java.util.ArrayList.forEach(ArrayList.java:1511)
... Removed 30 stack frames]]>
    </failure>
  </testcase> <!-- report -->
</testsuite> <!-- Test -->
