<?xml version="1.0" encoding="UTF-8"?>
<testng-results ignored="0" total="1" passed="1" failed="0" skipped="0">
  <reporter-output>
  </reporter-output>
  <suite started-at="2025-12-20T18:24:23 IST" name="Suite" finished-at="2025-12-20T18:24:46 IST" duration-ms="22890">
    <groups>
    </groups>
    <test started-at="2025-12-20T18:24:23 IST" name="Test" finished-at="2025-12-20T18:24:46 IST" duration-ms="22890">
      <class name="smltestcases.track_trasttext">
        <test-method is-config="true" signature="setuploginpase(java.lang.String)[pri:0, instance:smltestcases.track_trasttext@5656be13]" started-at="2025-12-20T18:24:23 IST" name="setuploginpase" finished-at="2025-12-20T18:24:27 IST" duration-ms="3565" status="PASS">
          <params>
            <param index="0">
              <value>
                <![CDATA[chrome]]>
              </value>
            </param>
          </params>
          <reporter-output>
          </reporter-output>
        </test-method> <!-- setuploginpase -->
        <test-method signature="tacktacevin()[pri:0, instance:smltestcases.track_trasttext@5656be13]" started-at="2025-12-20T18:24:27 IST" name="tacktacevin" finished-at="2025-12-20T18:24:46 IST" duration-ms="19284" status="PASS">
          <reporter-output>
          </reporter-output>
        </test-method> <!-- tacktacevin -->
      </class> <!-- smltestcases.track_trasttext -->
    </test> <!-- Test -->
  </suite> <!-- Suite -->
</testng-results>
