<?xml version="1.0" encoding="UTF-8"?>
<testng-results ignored="0" total="1" passed="1" failed="0" skipped="0">
  <reporter-output>
  </reporter-output>
  <suite started-at="2025-12-22T14:05:06 IST" name="Suite" finished-at="2025-12-22T14:05:32 IST" duration-ms="26497">
    <groups>
    </groups>
    <test started-at="2025-12-22T14:05:06 IST" name="Test" finished-at="2025-12-22T14:05:32 IST" duration-ms="26497">
      <class name="smltestcases.track_trasttext">
        <test-method is-config="true" signature="setuploginpase(java.lang.String)[pri:0, instance:smltestcases.track_trasttext@76505305]" started-at="2025-12-22T14:05:06 IST" name="setuploginpase" finished-at="2025-12-22T14:05:11 IST" duration-ms="5161" status="PASS">
          <params>
            <param index="0">
              <value>
                <![CDATA[chrome]]>
              </value>
            </param>
          </params>
          <reporter-output>
          </reporter-output>
        </test-method> <!-- setuploginpase -->
        <test-method signature="tacktacevin()[pri:0, instance:smltestcases.track_trasttext@76505305]" started-at="2025-12-22T14:05:11 IST" name="tacktacevin" finished-at="2025-12-22T14:05:32 IST" duration-ms="21083" status="PASS">
          <reporter-output>
          </reporter-output>
        </test-method> <!-- tacktacevin -->
        <test-method is-config="true" signature="tearDown()[pri:0, instance:smltestcases.track_trasttext@76505305]" started-at="2025-12-22T14:05:32 IST" name="tearDown" finished-at="2025-12-22T14:05:32 IST" duration-ms="212" status="PASS">
          <reporter-output>
          </reporter-output>
        </test-method> <!-- tearDown -->
      </class> <!-- smltestcases.track_trasttext -->
    </test> <!-- Test -->
  </suite> <!-- Suite -->
</testng-results>
